Software Version: 11.8.1.12
creating folder: C:\Users\ciaran.lappin\Downloads\M2s060\RTG4-Development-Kit-master\PROC_SUBSYSTEM_BaseDesign
programmer 'S201Z8O5ZI' : FlashPro5
Created new project 'C:\Users\ciaran.lappin\Downloads\M2s060\RTG4-Development-Kit-master\PROC_SUBSYSTEM_BaseDesign\PROC_SUBSYSTEM_BaseDesign.pro'
STAPL file 'C:\Users\ciaran.lappin\Downloads\M2s060\RTG4-Development-Kit-master\PROC_SUBSYSTEM_BaseDesign\RT4G150_1.stp' has been loaded successfully.
DESIGN : PROC_SUBSYSTEM;  CHECKSUM : 14FF;  ALG_VERSION : 2
creating folder: C:\Users\ciaran.lappin\Downloads\M2s060\RTG4-Development-Kit-master\PROC_SUBSYSTEM_BaseDesign\projectData
Software Version: 11.8.1.12
STAPL file 'C:\Users\ciaran.lappin\Downloads\M2s060\RTG4-Development-Kit-master\PROC_SUBSYSTEM_BaseDesign\RT4G150_1.stp' has been loaded successfully.
DESIGN : PROC_SUBSYSTEM;  CHECKSUM : 14FF;  ALG_VERSION : 2
programmer 'S201Z8O5ZI' : FlashPro5

Created FlashPro Express Job Project.
programmer 'S201Z8O5ZI' : Scan Chain...
Warning: programmer 'S201Z8O5ZI' : Vpump has been selected on programmer AND an externally provided Vpump has also been detected. Using externally provided Vpump voltage source.
programmer 'S201Z8O5ZI' : Check Chain...
programmer 'S201Z8O5ZI' : Scan and Check Chain PASSED.
programmer 'S201Z8O5ZI' : device 'RT4G150' : Executing action PROGRAM
programmer 'S201Z8O5ZI' : device 'RT4G150' : EXPORT ISC_ENABLE_RESULT[32] = 00004804
programmer 'S201Z8O5ZI' : device 'RT4G150' : EXPORT CRCERR[1] = 0
programmer 'S201Z8O5ZI' : device 'RT4G150' : EXPORT ECCRCVR[1] = 0
programmer 'S201Z8O5ZI' : device 'RT4G150' : TEMPGRADE: ROOM
programmer 'S201Z8O5ZI' : device 'RT4G150' : EXPORT TEMP[8] = 48
programmer 'S201Z8O5ZI' : device 'RT4G150' : Programming FPGA Array...
programmer 'S201Z8O5ZI' : device 'RT4G150' : ===================================================================================
programmer 'S201Z8O5ZI' : device 'RT4G150' : EXPORT DSN[128] = 00000000000000000153390c00060017
programmer 'S201Z8O5ZI' : device 'RT4G150' : ===================================================================================
programmer 'S201Z8O5ZI' : device 'RT4G150' : Finished: Fri Dec 01 17:35:14 2017 (Elapsed time 00:02:31)
programmer 'S201Z8O5ZI' : device 'RT4G150' : Executing action PROGRAM PASSED.
programmer 'S201Z8O5ZI' : Chain programming PASSED.
Chain Programming Finished: Fri Dec 01 17:35:14 2017 (Elapsed time 00:02:31)

                        o - o - o - o - o - o

Project saved.
Project closed.
