Software Version: 11.8.1.12
creating folder: C:\Users\ciaran.lappin\Desktop\MiV_Github\RTG4\Program_The_Target_Device\PROC_SUBSYSTEM_RV32IMA_BaseDesign
programmer 'S2001K1WC6' : FlashPro5
Created new project 'C:\Users\ciaran.lappin\Desktop\MiV_Github\RTG4\Program_The_Target_Device\PROC_SUBSYSTEM_RV32IMA_BaseDesign\PROC_SUBSYSTEM_RV32IMA_BaseDesign.pro'
STAPL file 'C:\Users\ciaran.lappin\Desktop\MiV_Github\RTG4\Program_The_Target_Device\PROC_SUBSYSTEM_RV32IMA_BaseDesign\RT4G150_1.stp' has been loaded successfully.
DESIGN : PROC_SUBSYSTEM;  CHECKSUM : 14FF;  ALG_VERSION : 2
creating folder: C:\Users\ciaran.lappin\Desktop\MiV_Github\RTG4\Program_The_Target_Device\PROC_SUBSYSTEM_RV32IMA_BaseDesign\projectData
Software Version: 11.8.1.12
STAPL file 'C:\Users\ciaran.lappin\Desktop\MiV_Github\RTG4\Program_The_Target_Device\PROC_SUBSYSTEM_RV32IMA_BaseDesign\RT4G150_1.stp' has been loaded successfully.
DESIGN : PROC_SUBSYSTEM;  CHECKSUM : 14FF;  ALG_VERSION : 2
programmer 'S2001K1WC6' : FlashPro5

Created FlashPro Express Job Project.
programmer 'S2001K1WC6' : Scan Chain...
Warning: programmer 'S2001K1WC6' : Vpump has been selected on programmer AND an externally provided Vpump has also been detected. Using externally provided Vpump voltage source.
programmer 'S2001K1WC6' : Check Chain...
programmer 'S2001K1WC6' : Scan and Check Chain PASSED.
programmer 'S2001K1WC6' : device 'RT4G150' : Executing action PROGRAM
programmer 'S2001K1WC6' : device 'RT4G150' : EXPORT ISC_ENABLE_RESULT[32] = 00004704
programmer 'S2001K1WC6' : device 'RT4G150' : EXPORT CRCERR[1] = 0
programmer 'S2001K1WC6' : device 'RT4G150' : EXPORT ECCRCVR[1] = 0
programmer 'S2001K1WC6' : device 'RT4G150' : TEMPGRADE: ROOM
programmer 'S2001K1WC6' : device 'RT4G150' : EXPORT TEMP[8] = 47
programmer 'S2001K1WC6' : device 'RT4G150' : Programming FPGA Array...
programmer 'S2001K1WC6' : device 'RT4G150' : ===================================================================================
programmer 'S2001K1WC6' : device 'RT4G150' : EXPORT DSN[128] = 00000000000000000153390c00060017
programmer 'S2001K1WC6' : device 'RT4G150' : ===================================================================================
programmer 'S2001K1WC6' : device 'RT4G150' : Finished: Mon Nov 20 14:21:43 2017 (Elapsed time 00:02:36)
programmer 'S2001K1WC6' : device 'RT4G150' : Executing action PROGRAM PASSED.
programmer 'S2001K1WC6' : Chain programming PASSED.
Chain Programming Finished: Mon Nov 20 14:21:43 2017 (Elapsed time 00:02:36)

                        o - o - o - o - o - o

Project saved.
Project closed.
