# Synopsys Constraint Checker(syntax only), version map201609actrcp1, Build 005R, built Jan 25 2017
# Copyright (C) 1994-2016 Synopsys, Inc. All rights reserved. This Synopsys software and all associated documentation are proprietary to Synopsys, Inc. and may only be used pursuant to the terms and conditions of a written license agreement with Synopsys, Inc. All other use, reproduction, modification, or distribution of the Synopsys software or the associated documentation is strictly prohibited.

# Written on Mon Nov 20 12:27:21 2017


##### DESIGN INFO #######################################################

Top View:                "PROC_SUBSYSTEM"
Constraint File(s):      "C:\Users\ciaran.lappin\Desktop\MiV_Github\RTG4\MIV_RV32IMA_BaseDesign_vlog\designer\PROC_SUBSYSTEM\synthesis.fdc"

#Run constraint checker to find more issues with constraints.
#########################################################################



No issues found in constraint syntax.



Clock Summary
*************

Start                                                         Requested     Requested     Clock        Clock                   Clock
Clock                                                         Frequency     Period        Type         Group                   Load 
------------------------------------------------------------------------------------------------------------------------------------
COREJTAGDEBUG_UJ_JTAG_85_0_0|un1_DUT_TCK_inferred_clock       100.0 MHz     10.000        inferred     Inferred_clkgroup_2     335  
COREJTAGDEBUG_Z11|iUDRCK_inferred_clock                       100.0 MHz     10.000        inferred     Inferred_clkgroup_3     17   
PROC_SUBSYSTEM_RTG4FCCC_0_RTG4FCCC|GL0_net_inferred_clock     100.0 MHz     10.000        inferred     Inferred_clkgroup_0     5360 
PROC_SUBSYSTEM_RTG4FCCC_0_RTG4FCCC|GL1_net_inferred_clock     100.0 MHz     10.000        inferred     Inferred_clkgroup_1     149  
System                                                        100.0 MHz     10.000        system       system_clkgroup         0    
====================================================================================================================================
